build/outputs/logs/manifest-merger-release-report.txt
-- Merging decision tree log ---
manifest
ADDED from Drone(02.18)\drone_source(an_studio)\AndroidManifest.xml:17:1-49:12
INJECTED from Drone(02.18)\drone_source(an_studio)\AndroidManifest.xml:17:1-49:12
INJECTED from Drone(02.18)\drone_source(an_studio)\AndroidManifest.xml:17:1-49:12
MERGED from [com.android.support:support-v4:28.0.0] AndroidManifest.xml:17:1-22:12
MERGED from [com.android.support:appcompat-v7:28.0.0] AndroidManifest.xml:17:1-22:12
MERGED from [com.android.support:support-media-compat:28.0.0] AndroidManifest.xml:17:1-22:12
MERGED from [com.android.support:support-fragment:28.0.0] AndroidManifest.xml:17:1-22:12
MERGED from [com.android.support:animated-vector-drawable:28.0.0] AndroidManifest.xml:17:1-22:12
MERGED from [com.android.support:support-core-ui:28.0.0] AndroidManifest.xml:17:1-22:12
MERGED from [com.android.support:support-core-utils:28.0.0] AndroidManifest.xml:17:1-22:12
MERGED from [com.android.support:support-vector-drawable:28.0.0] AndroidManifest.xml:17:1-22:12
MERGED from [com.android.support:loader:28.0.0] AndroidManifest.xml:17:1-22:12
MERGED from [com.android.support:viewpager:28.0.0] AndroidManifest.xml:17:1-22:12
MERGED from [com.android.support:coordinatorlayout:28.0.0] AndroidManifest.xml:17:1-22:12
MERGED from [com.android.support:drawerlayout:28.0.0] AndroidManifest.xml:17:1-22:12
MERGED from [com.android.support:slidingpanelayout:28.0.0] AndroidManifest.xml:17:1-22:12
MERGED from [com.android.support:customview:28.0.0] AndroidManifest.xml:17:1-22:12
MERGED from [com.android.support:swiperefreshlayout:28.0.0] AndroidManifest.xml:17:1-22:12
MERGED from [com.android.support:asynclayoutinflater:28.0.0] AndroidManifest.xml:17:1-22:12
MERGED from [com.android.support:support-compat:28.0.0] AndroidManifest.xml:17:1-24:12
MERGED from [com.android.support:versionedparcelable:28.0.0] AndroidManifest.xml:17:1-25:12
MERGED from [com.android.support:cursoradapter:28.0.0] AndroidManifest.xml:17:1-22:12
MERGED from [android.arch.lifecycle:runtime:1.1.1] AndroidManifest.xml:17:1-22:12
MERGED from [com.android.support:documentfile:28.0.0] AndroidManifest.xml:17:1-22:12
MERGED from [com.android.support:localbroadcastmanager:28.0.0] AndroidManifest.xml:17:1-22:12
MERGED from [com.android.support:print:28.0.0] AndroidManifest.xml:17:1-22:12
MERGED from [com.android.support:interpolator:28.0.0] AndroidManifest.xml:17:1-22:12
MERGED from [android.arch.lifecycle:viewmodel:1.1.1] AndroidManifest.xml:17:1-22:12
MERGED from [android.arch.lifecycle:livedata:1.1.1] AndroidManifest.xml:17:1-22:12
MERGED from [android.arch.lifecycle:livedata-core:1.1.1] AndroidManifest.xml:17:1-22:12
MERGED from [android.arch.core:runtime:1.1.1] AndroidManifest.xml:17:1-22:12
INJECTED from Drone(02.18)\drone_source(an_studio)\AndroidManifest.xml:17:1-49:12
INJECTED from Drone(02.18)\drone_source(an_studio)\AndroidManifest.xml:17:1-49:12
	package
		ADDED from Drone(02.18)\drone_source(an_studio)\AndroidManifest.xml:18:11-42
	android:versionName
		ADDED from Drone(02.18)\drone_source(an_studio)\AndroidManifest.xml:20:11-36
		INJECTED from Drone(02.18)\drone_source(an_studio)\AndroidManifest.xml
		INJECTED from Drone(02.18)\drone_source(an_studio)\AndroidManifest.xml
	xmlns:android
		ADDED from Drone(02.18)\drone_source(an_studio)\AndroidManifest.xml:17:11-69
	android:versionCode
		ADDED from Drone(02.18)\drone_source(an_studio)\AndroidManifest.xml:19:11-34
		INJECTED from Drone(02.18)\drone_source(an_studio)\AndroidManifest.xml
		INJECTED from Drone(02.18)\drone_source(an_studio)\AndroidManifest.xml
uses-feature#android.hardware.bluetooth_le
ADDED from Drone(02.18)\drone_source(an_studio)\AndroidManifest.xml:26:5-89
	android:required
		ADDED from Drone(02.18)\drone_source(an_studio)\AndroidManifest.xml:26:64-87
	android:name
		ADDED from Drone(02.18)\drone_source(an_studio)\AndroidManifest.xml:26:19-63
uses-permission#android.permission.BLUETOOTH
ADDED from Drone(02.18)\drone_source(an_studio)\AndroidManifest.xml:28:5-67
	android:name
		ADDED from Drone(02.18)\drone_source(an_studio)\AndroidManifest.xml:28:22-65
uses-permission#android.permission.BLUETOOTH_ADMIN
ADDED from Drone(02.18)\drone_source(an_studio)\AndroidManifest.xml:29:5-73
	android:name
		ADDED from Drone(02.18)\drone_source(an_studio)\AndroidManifest.xml:29:22-71
uses-permission#android.permission.INTERNET
ADDED from Drone(02.18)\drone_source(an_studio)\AndroidManifest.xml:30:5-66
	android:name
		ADDED from Drone(02.18)\drone_source(an_studio)\AndroidManifest.xml:30:22-64
uses-permission#android.permission.RECORD_AUDIO
ADDED from Drone(02.18)\drone_source(an_studio)\AndroidManifest.xml:31:5-70
	android:name
		ADDED from Drone(02.18)\drone_source(an_studio)\AndroidManifest.xml:31:22-68
application
ADDED from Drone(02.18)\drone_source(an_studio)\AndroidManifest.xml:33:5-48:19
MERGED from [com.android.support:support-compat:28.0.0] AndroidManifest.xml:22:5-94
MERGED from [com.android.support:support-compat:28.0.0] AndroidManifest.xml:22:5-94
MERGED from [com.android.support:versionedparcelable:28.0.0] AndroidManifest.xml:22:5-23:19
MERGED from [com.android.support:versionedparcelable:28.0.0] AndroidManifest.xml:22:5-23:19
	android:appComponentFactory
		ADDED from [com.android.support:support-compat:28.0.0] AndroidManifest.xml:22:18-91
	android:label
		ADDED from Drone(02.18)\drone_source(an_studio)\AndroidManifest.xml:33:18-50
	android:icon
		ADDED from Drone(02.18)\drone_source(an_studio)\AndroidManifest.xml:34:18-54
	android:theme
		ADDED from Drone(02.18)\drone_source(an_studio)\AndroidManifest.xml:35:18-65
activity#com.bdrone.controller.DeviceScanActivity
ADDED from Drone(02.18)\drone_source(an_studio)\AndroidManifest.xml:36:9-42:20
	android:label
		ADDED from Drone(02.18)\drone_source(an_studio)\AndroidManifest.xml:37:19-51
	android:name
		ADDED from Drone(02.18)\drone_source(an_studio)\AndroidManifest.xml:36:19-74
intent-filter#action:name:android.intent.action.MAIN+category:name:android.intent.category.LAUNCHER
ADDED from Drone(02.18)\drone_source(an_studio)\AndroidManifest.xml:38:13-41:29
action#android.intent.action.MAIN
ADDED from Drone(02.18)\drone_source(an_studio)\AndroidManifest.xml:39:17-68
	android:name
		ADDED from Drone(02.18)\drone_source(an_studio)\AndroidManifest.xml:39:25-66
category#android.intent.category.LAUNCHER
ADDED from Drone(02.18)\drone_source(an_studio)\AndroidManifest.xml:40:17-76
	android:name
		ADDED from Drone(02.18)\drone_source(an_studio)\AndroidManifest.xml:40:27-74
activity#com.bdrone.controller.DeviceControlActivity
ADDED from Drone(02.18)\drone_source(an_studio)\AndroidManifest.xml:43:9-45:11
	android:screenOrientation
		ADDED from Drone(02.18)\drone_source(an_studio)\AndroidManifest.xml:44:13-49
	android:name
		ADDED from Drone(02.18)\drone_source(an_studio)\AndroidManifest.xml:43:19-77
service#com.bdrone.controller.BluetoothLeService
ADDED from Drone(02.18)\drone_source(an_studio)\AndroidManifest.xml:46:9-98
	android:enabled
		ADDED from Drone(02.18)\drone_source(an_studio)\AndroidManifest.xml:46:74-96
	android:name
		ADDED from Drone(02.18)\drone_source(an_studio)\AndroidManifest.xml:46:18-73
activity#com.bdrone.controller.SplashActivity
ADDED from Drone(02.18)\drone_source(an_studio)\AndroidManifest.xml:47:9-125
	android:theme
		ADDED from Drone(02.18)\drone_source(an_studio)\AndroidManifest.xml:47:49-113
	android:name
		ADDED from Drone(02.18)\drone_source(an_studio)\AndroidManifest.xml:47:19-48
uses-sdk
INJECTED from Drone(02.18)\drone_source(an_studio)\AndroidManifest.xml reason: use-sdk injection requested
INJECTED from Drone(02.18)\drone_source(an_studio)\AndroidManifest.xml
INJECTED from Drone(02.18)\drone_source(an_studio)\AndroidManifest.xml
MERGED from [com.android.support:support-v4:28.0.0] AndroidManifest.xml:20:5-44
MERGED from [com.android.support:support-v4:28.0.0] AndroidManifest.xml:20:5-44
MERGED from [com.android.support:appcompat-v7:28.0.0] AndroidManifest.xml:20:5-44
MERGED from [com.android.support:appcompat-v7:28.0.0] AndroidManifest.xml:20:5-44
MERGED from [com.android.support:support-media-compat:28.0.0] AndroidManifest.xml:20:5-44
MERGED from [com.android.support:support-media-compat:28.0.0] AndroidManifest.xml:20:5-44
MERGED from [com.android.support:support-fragment:28.0.0] AndroidManifest.xml:20:5-44
MERGED from [com.android.support:support-fragment:28.0.0] AndroidManifest.xml:20:5-44
MERGED from [com.android.support:animated-vector-drawable:28.0.0] AndroidManifest.xml:20:5-44
MERGED from [com.android.support:animated-vector-drawable:28.0.0] AndroidManifest.xml:20:5-44
MERGED from [com.android.support:support-core-ui:28.0.0] AndroidManifest.xml:20:5-44
MERGED from [com.android.support:support-core-ui:28.0.0] AndroidManifest.xml:20:5-44
MERGED from [com.android.support:support-core-utils:28.0.0] AndroidManifest.xml:20:5-44
MERGED from [com.android.support:support-core-utils:28.0.0] AndroidManifest.xml:20:5-44
MERGED from [com.android.support:support-vector-drawable:28.0.0] AndroidManifest.xml:20:5-44
MERGED from [com.android.support:support-vector-drawable:28.0.0] AndroidManifest.xml:20:5-44
MERGED from [com.android.support:loader:28.0.0] AndroidManifest.xml:20:5-44
MERGED from [com.android.support:loader:28.0.0] AndroidManifest.xml:20:5-44
MERGED from [com.android.support:viewpager:28.0.0] AndroidManifest.xml:20:5-44
MERGED from [com.android.support:viewpager:28.0.0] AndroidManifest.xml:20:5-44
MERGED from [com.android.support:coordinatorlayout:28.0.0] AndroidManifest.xml:20:5-44
MERGED from [com.android.support:coordinatorlayout:28.0.0] AndroidManifest.xml:20:5-44
MERGED from [com.android.support:drawerlayout:28.0.0] AndroidManifest.xml:20:5-44
MERGED from [com.android.support:drawerlayout:28.0.0] AndroidManifest.xml:20:5-44
MERGED from [com.android.support:slidingpanelayout:28.0.0] AndroidManifest.xml:20:5-44
MERGED from [com.android.support:slidingpanelayout:28.0.0] AndroidManifest.xml:20:5-44
MERGED from [com.android.support:customview:28.0.0] AndroidManifest.xml:20:5-44
MERGED from [com.android.support:customview:28.0.0] AndroidManifest.xml:20:5-44
MERGED from [com.android.support:swiperefreshlayout:28.0.0] AndroidManifest.xml:20:5-44
MERGED from [com.android.support:swiperefreshlayout:28.0.0] AndroidManifest.xml:20:5-44
MERGED from [com.android.support:asynclayoutinflater:28.0.0] AndroidManifest.xml:20:5-44
MERGED from [com.android.support:asynclayoutinflater:28.0.0] AndroidManifest.xml:20:5-44
MERGED from [com.android.support:support-compat:28.0.0] AndroidManifest.xml:20:5-44
MERGED from [com.android.support:support-compat:28.0.0] AndroidManifest.xml:20:5-44
MERGED from [com.android.support:versionedparcelable:28.0.0] AndroidManifest.xml:20:5-44
MERGED from [com.android.support:versionedparcelable:28.0.0] AndroidManifest.xml:20:5-44
MERGED from [com.android.support:cursoradapter:28.0.0] AndroidManifest.xml:20:5-44
MERGED from [com.android.support:cursoradapter:28.0.0] AndroidManifest.xml:20:5-44
MERGED from [android.arch.lifecycle:runtime:1.1.1] AndroidManifest.xml:20:5-44
MERGED from [android.arch.lifecycle:runtime:1.1.1] AndroidManifest.xml:20:5-44
MERGED from [com.android.support:documentfile:28.0.0] AndroidManifest.xml:20:5-44
MERGED from [com.android.support:documentfile:28.0.0] AndroidManifest.xml:20:5-44
MERGED from [com.android.support:localbroadcastmanager:28.0.0] AndroidManifest.xml:20:5-44
MERGED from [com.android.support:localbroadcastmanager:28.0.0] AndroidManifest.xml:20:5-44
MERGED from [com.android.support:print:28.0.0] AndroidManifest.xml:20:5-44
MERGED from [com.android.support:print:28.0.0] AndroidManifest.xml:20:5-44
MERGED from [com.android.support:interpolator:28.0.0] AndroidManifest.xml:20:5-44
MERGED from [com.android.support:interpolator:28.0.0] AndroidManifest.xml:20:5-44
MERGED from [android.arch.lifecycle:viewmodel:1.1.1] AndroidManifest.xml:20:5-44
MERGED from [android.arch.lifecycle:viewmodel:1.1.1] AndroidManifest.xml:20:5-44
MERGED from [android.arch.lifecycle:livedata:1.1.1] AndroidManifest.xml:20:5-44
MERGED from [android.arch.lifecycle:livedata:1.1.1] AndroidManifest.xml:20:5-44
MERGED from [android.arch.lifecycle:livedata-core:1.1.1] AndroidManifest.xml:20:5-44
MERGED from [android.arch.lifecycle:livedata-core:1.1.1] AndroidManifest.xml:20:5-44
MERGED from [android.arch.core:runtime:1.1.1] AndroidManifest.xml:20:5-44
MERGED from [android.arch.core:runtime:1.1.1] AndroidManifest.xml:20:5-44
INJECTED from Drone(02.18)\drone_source(an_studio)\AndroidManifest.xml
INJECTED from Drone(02.18)\drone_source(an_studio)\AndroidManifest.xml
	android:targetSdkVersion
		INJECTED from Drone(02.18)\drone_source(an_studio)\AndroidManifest.xml
		ADDED from Drone(02.18)\drone_source(an_studio)\AndroidManifest.xml
		INJECTED from Drone(02.18)\drone_source(an_studio)\AndroidManifest.xml
	android:minSdkVersion
		INJECTED from Drone(02.18)\drone_source(an_studio)\AndroidManifest.xml
		ADDED from Drone(02.18)\drone_source(an_studio)\AndroidManifest.xml
		INJECTED from Drone(02.18)\drone_source(an_studio)\AndroidManifest.xml